Using config path: ../conductor-config.toml
Unlocking agent keys:
Unlocking key for agent 'test_agent1': 
Reading keystore from ../server/keys/HcScIatqQHkuv39azjxM5KExROzrvvjy53A3K5ikvoAeud5x6ozp478RqPpmhpr
Passphrase: Reading DNA from ./dist/hApp.dna.json
Failed to load instance smartchain from storage: ErrorGeneric("State could not be loaded due to NoneError")
Initializing new chain...
WARNING! The git-hash of the runtime and the zome don't match.
Runtime hash: b09de07693bac4e4675e87e2c598e22a9aaedb93
Zome hash: 0652f1f4dde9dc085218e960ac0d91e6223daac6
2019-05-14 13:12:39:[33msmartchain[0m: [33mdna/initialize: Couldn't get DNA and agent from chain: ErrorGeneric("Agent entry not found")[0m
2019-05-14 13:12:39:[33msmartchain[0m: [33mdna/initialize: Initializing new chain from given DNA...[0m
2019-05-14 13:12:40:[33msmartchain[0m: [33mdebug/initialize: created public token: HashString("QmUVW3iqYe2LfF8qMzpxfBeTpuQVmbJWPCPXtouuv6DPtx")[0m
2019-05-14 13:12:40:[33msmartchain[0m: [33mdebug/conductor: Holochain App Name instantiated[0m
Successfully loaded 1 instance configurations
Starting all of them...
Starting instance "smartchain"...
Starting interfaces...
Done.
Starting UI servers
Starting all servers
2019-05-14 13:12:40:[33msmartchain[0m: [33mdebug/net/handle: HandleStoreEntry: EntryData { dna_address: HashString("QmTEYUZdsigrvtu5HKejiDvxmRcHGKy5oCE4kvcA6L5kdi"), provider_agent_id: "HcScIatqQHkuv39azjxM5KExROzrvvjy53A3K5ikvoAeud5x6ozp478RqPpmhpr", entry_address: HashString("HcScIatqQHkuv39azjxM5KExROzrvvjy53A3K5ikvoAeud5x6ozp478RqPpmhpr"), entry_content: Object({"entry": Object({"AgentId": Object({"nick": String("Tester1"), "pub_sign_key": String("HcScIatqQHkuv39azjxM5KExROzrvvjy53A3K5ikvoAeud5x6ozp478RqPpmhpr")})}), "header": Object({"entry_type": String("AgentId"), "entry_address": String("HcScIatqQHkuv39azjxM5KExROzrvvjy53A3K5ikvoAeud5x6ozp478RqPpmhpr"), "provenances": Array([Array([String("HcScIatqQHkuv39azjxM5KExROzrvvjy53A3K5ikvoAeud5x6ozp478RqPpmhpr"), String("BdviVicL8FXpIOe3HEkAg2C5c9wom7QZUVctlp4XHYeZMJikD3hSV1Lk7XKHlBWfx7cA6DNveJxSA8xSMICYBg==")])]), "link": String("QmdqT7f7jBjg99fWjugrNStH8KsF5FWHDt6dyJkAVaRYV3"), "link_same_type": Null, "link_update_delete": Null, "timestamp": String("2019-05-14T11:12:40+00:00")})}) }[0m
2019-05-14 13:12:40:[33msmartchain[0m: [33mdebug/net/handle: HandleSendMessage: MessageData { dna_address: HashString("QmTEYUZdsigrvtu5HKejiDvxmRcHGKy5oCE4kvcA6L5kdi"), request_id: "puid-1-3", to_agent_id: "HcScIatqQHkuv39azjxM5KExROzrvvjy53A3K5ikvoAeud5x6ozp478RqPpmhpr", from_agent_id: "HcScIatqQHkuv39azjxM5KExROzrvvjy53A3K5ikvoAeud5x6ozp478RqPpmhpr", content: Object({"RequestValidationPackage": String("HcScIatqQHkuv39azjxM5KExROzrvvjy53A3K5ikvoAeud5x6ozp478RqPpmhpr")}) }[0m
2019-05-14 13:12:40:[33msmartchain[0m: [31merr/instance/process_action: could not save state: ErrorGeneric("Could not get write lock on storage")[0m
2019-05-14 13:12:40:[33msmartchain[0m: [33mSending validation package of entry HcScIatqQHkuv39azjxM5KExROzrvvjy53A3K5ikvoAeud5x6ozp478RqPpmhpr to agent HcScIatqQHkuv39azjxM5KExROzrvvjy53A3K5ikvoAeud5x6ozp478RqPpmhpr[0m
2019-05-14 13:12:40:[33msmartchain[0m: [33mdebug/net/handle: SendMessageResult: MessageData { dna_address: HashString("QmTEYUZdsigrvtu5HKejiDvxmRcHGKy5oCE4kvcA6L5kdi"), request_id: "puid-1-3", to_agent_id: "HcScIatqQHkuv39azjxM5KExROzrvvjy53A3K5ikvoAeud5x6ozp478RqPpmhpr", from_agent_id: "HcScIatqQHkuv39azjxM5KExROzrvvjy53A3K5ikvoAeud5x6ozp478RqPpmhpr", content: Object({"ValidationPackage": Object({"chain_header": Object({"entry_type": String("AgentId"), "entry_address": String("HcScIatqQHkuv39azjxM5KExROzrvvjy53A3K5ikvoAeud5x6ozp478RqPpmhpr"), "provenances": Array([Array([String("HcScIatqQHkuv39azjxM5KExROzrvvjy53A3K5ikvoAeud5x6ozp478RqPpmhpr"), String("BdviVicL8FXpIOe3HEkAg2C5c9wom7QZUVctlp4XHYeZMJikD3hSV1Lk7XKHlBWfx7cA6DNveJxSA8xSMICYBg==")])]), "link": String("QmdqT7f7jBjg99fWjugrNStH8KsF5FWHDt6dyJkAVaRYV3"), "link_same_type": Null, "link_update_delete": Null, "timestamp": String("2019-05-14T11:12:40+00:00")}), "source_chain_entries": Null, "source_chain_headers": Null, "custom": Null})}) }[0m
2019-05-14 13:12:40:[33msmartchain[0m: [33mdebug/workflow/hold_entry: got validation package[0m
2019-05-14 13:12:40:[33msmartchain[0m: [33mdebug/workflow/hold_entry: is valid! HcScIatqQHkuv39azjxM5KExROzrvvjy53A3K5ikvoAeud5x6ozp478RqPpmhpr[0m
2019-05-14 13:12:40:[33msmartchain[0m: [33mdebug/workflow/hold_entry: HOLDING: HcScIatqQHkuv39azjxM5KExROzrvvjy53A3K5ikvoAeud5x6ozp478RqPpmhpr[0m
2019-05-14 13:12:40:[33msmartchain[0m: [33mdebug/scheduled_jobs: tick[0m
2019-05-14 13:12:50:[33msmartchain[0m: [33mdebug/scheduled_jobs: tick[0m
2019-05-14 13:13:00:[33msmartchain[0m: [33mdebug/scheduled_jobs: tick[0m
2019-05-14 13:13:10:[33msmartchain[0m: [33mdebug/scheduled_jobs: tick[0m
2019-05-14 13:13:20:[33msmartchain[0m: [33mdebug/scheduled_jobs: tick[0m
2019-05-14 13:13:31:[33msmartchain[0m: [33mdebug/scheduled_jobs: tick[0m
2019-05-14 13:13:40:[33msmartchain[0m: [33mdebug/scheduled_jobs: tick[0m
2019-05-14 13:13:50:[33msmartchain[0m: [33mdebug/scheduled_jobs: tick[0m
2019-05-14 13:14:00:[33msmartchain[0m: [33mdebug/scheduled_jobs: tick[0m
2019-05-14 13:14:10:[33msmartchain[0m: [33mdebug/scheduled_jobs: tick[0m
2019-05-14 13:14:20:[33msmartchain[0m: [33mdebug/scheduled_jobs: tick[0m
2019-05-14 13:14:30:[33msmartchain[0m: [33mdebug/scheduled_jobs: tick[0m
2019-05-14 13:14:40:[33msmartchain[0m: [33mdebug/scheduled_jobs: tick[0m
2019-05-14 13:14:50:[33msmartchain[0m: [33mdebug/scheduled_jobs: tick[0m
2019-05-14 13:15:00:[33msmartchain[0m: [33mdebug/scheduled_jobs: tick[0m
2019-05-14 13:15:10:[33msmartchain[0m: [33mdebug/scheduled_jobs: tick[0m
2019-05-14 13:15:20:[33msmartchain[0m: [33mdebug/scheduled_jobs: tick[0m
2019-05-14 13:15:30:[33msmartchain[0m: [33mdebug/scheduled_jobs: tick[0m
2019-05-14 13:15:40:[33msmartchain[0m: [33mdebug/scheduled_jobs: tick[0m
2019-05-14 13:15:50:[33msmartchain[0m: [33mdebug/scheduled_jobs: tick[0m
2019-05-14 13:16:00:[33msmartchain[0m: [33mdebug/scheduled_jobs: tick[0m
2019-05-14 13:16:10:[33msmartchain[0m: [33mdebug/scheduled_jobs: tick[0m
2019-05-14 13:16:20:[33msmartchain[0m: [33mdebug/scheduled_jobs: tick[0m
2019-05-14 13:16:30:[33msmartchain[0m: [33mdebug/scheduled_jobs: tick[0m
2019-05-14 13:16:40:[33msmartchain[0m: [33mdebug/scheduled_jobs: tick[0m
2019-05-14 13:16:50:[33msmartchain[0m: [33mdebug/scheduled_jobs: tick[0m
2019-05-14 13:17:00:[33msmartchain[0m: [33mdebug/scheduled_jobs: tick[0m
2019-05-14 13:17:10:[33msmartchain[0m: [33mdebug/scheduled_jobs: tick[0m
2019-05-14 13:17:20:[33msmartchain[0m: [33mdebug/scheduled_jobs: tick[0m
2019-05-14 13:17:30:[33msmartchain[0m: [33mdebug/scheduled_jobs: tick[0m
2019-05-14 13:17:40:[33msmartchain[0m: [33mdebug/scheduled_jobs: tick[0m
